<?xml version="1.0" encoding="UTF-8"?>
<testsuite xmlns:xsi="http://www.w3.org/2001/XMLSchema-instance" xsi:noNamespaceSchemaLocation="https://maven.apache.org/surefire/maven-surefire-plugin/xsd/surefire-test-report.xsd" version="3.0.2" name="calculator.CucumberTest" time="2.958" tests="20" errors="0" skipped="0" failures="0">
  <properties>
    <property name="java.specification.version" value="21"/>
    <property name="sun.cpu.isalist" value="amd64"/>
    <property name="sun.jnu.encoding" value="Cp1252"/>
    <property name="java.class.path" value="C:\Users\tdjou\OneDrive - UMONS\MASTER1\Q2\Software Evolution\tp\calculator-cucumber\calculator-cucumber-2025\target\test-classes;C:\Users\tdjou\OneDrive - UMONS\MASTER1\Q2\Software Evolution\tp\calculator-cucumber\calculator-cucumber-2025\target\classes;C:\Users\tdjou\.m2\repository\org\junit\jupiter\junit-jupiter\5.11.4\junit-jupiter-5.11.4.jar;C:\Users\tdjou\.m2\repository\org\junit\jupiter\junit-jupiter-api\5.11.4\junit-jupiter-api-5.11.4.jar;C:\Users\tdjou\.m2\repository\org\opentest4j\opentest4j\1.3.0\opentest4j-1.3.0.jar;C:\Users\tdjou\.m2\repository\org\junit\platform\junit-platform-commons\1.11.4\junit-platform-commons-1.11.4.jar;C:\Users\tdjou\.m2\repository\org\junit\jupiter\junit-jupiter-params\5.11.4\junit-jupiter-params-5.11.4.jar;C:\Users\tdjou\.m2\repository\org\junit\jupiter\junit-jupiter-engine\5.11.4\junit-jupiter-engine-5.11.4.jar;C:\Users\tdjou\.m2\repository\org\junit\platform\junit-platform-suite\1.11.4\junit-platform-suite-1.11.4.jar;C:\Users\tdjou\.m2\repository\org\junit\platform\junit-platform-suite-api\1.11.4\junit-platform-suite-api-1.11.4.jar;C:\Users\tdjou\.m2\repository\org\junit\platform\junit-platform-suite-engine\1.11.4\junit-platform-suite-engine-1.11.4.jar;C:\Users\tdjou\.m2\repository\org\junit\platform\junit-platform-suite-commons\1.11.4\junit-platform-suite-commons-1.11.4.jar;C:\Users\tdjou\.m2\repository\org\junit\platform\junit-platform-launcher\1.11.4\junit-platform-launcher-1.11.4.jar;C:\Users\tdjou\.m2\repository\io\cucumber\cucumber-java\7.20.1\cucumber-java-7.20.1.jar;C:\Users\tdjou\.m2\repository\io\cucumber\cucumber-core\7.20.1\cucumber-core-7.20.1.jar;C:\Users\tdjou\.m2\repository\io\cucumber\cucumber-gherkin\7.20.1\cucumber-gherkin-7.20.1.jar;C:\Users\tdjou\.m2\repository\io\cucumber\cucumber-gherkin-messages\7.20.1\cucumber-gherkin-messages-7.20.1.jar;C:\Users\tdjou\.m2\repository\io\cucumber\gherkin\28.0.0\gherkin-28.0.0.jar;C:\Users\tdjou\.m2\repository\io\cucumber\messages\24.1.0\messages-24.1.0.jar;C:\Users\tdjou\.m2\repository\io\cucumber\testng-xml-formatter\0.2.0\testng-xml-formatter-0.2.0.jar;C:\Users\tdjou\.m2\repository\io\cucumber\query\12.2.0\query-12.2.0.jar;C:\Users\tdjou\.m2\repository\io\cucumber\tag-expressions\6.1.0\tag-expressions-6.1.0.jar;C:\Users\tdjou\.m2\repository\io\cucumber\cucumber-expressions\17.1.0\cucumber-expressions-17.1.0.jar;C:\Users\tdjou\.m2\repository\io\cucumber\datatable\7.20.1\datatable-7.20.1.jar;C:\Users\tdjou\.m2\repository\io\cucumber\cucumber-plugin\7.20.1\cucumber-plugin-7.20.1.jar;C:\Users\tdjou\.m2\repository\io\cucumber\docstring\7.20.1\docstring-7.20.1.jar;C:\Users\tdjou\.m2\repository\io\cucumber\html-formatter\21.7.0\html-formatter-21.7.0.jar;C:\Users\tdjou\.m2\repository\io\cucumber\junit-xml-formatter\0.5.0\junit-xml-formatter-0.5.0.jar;C:\Users\tdjou\.m2\repository\io\cucumber\ci-environment\10.0.1\ci-environment-10.0.1.jar;C:\Users\tdjou\.m2\repository\org\apiguardian\apiguardian-api\1.1.2\apiguardian-api-1.1.2.jar;C:\Users\tdjou\.m2\repository\io\cucumber\cucumber-junit-platform-engine\7.20.1\cucumber-junit-platform-engine-7.20.1.jar;C:\Users\tdjou\.m2\repository\org\junit\platform\junit-platform-engine\1.11.2\junit-platform-engine-1.11.2.jar;"/>
    <property name="java.vm.vendor" value="Oracle Corporation"/>
    <property name="sun.arch.data.model" value="64"/>
    <property name="user.variant" value=""/>
    <property name="java.vendor.url" value="https://java.oracle.com/"/>
    <property name="user.timezone" value="Europe/Brussels"/>
    <property name="os.name" value="Windows 11"/>
    <property name="java.vm.specification.version" value="21"/>
    <property name="sun.java.launcher" value="SUN_STANDARD"/>
    <property name="user.country" value="BE"/>
    <property name="sun.boot.library.path" value="C:\Users\tdjou\.jdks\openjdk-21.0.2\bin"/>
    <property name="sun.java.command" value="C:\Users\tdjou\AppData\Local\Temp\surefire14501502303866928505\surefirebooter-20250220161444097_3.jar C:\Users\tdjou\AppData\Local\Temp\surefire14501502303866928505 2025-02-20T16-14-43_891-jvmRun1 surefire-20250220161444097_1tmp surefire_0-20250220161444097_2tmp"/>
    <property name="jdk.debug" value="release"/>
    <property name="surefire.test.class.path" value="C:\Users\tdjou\OneDrive - UMONS\MASTER1\Q2\Software Evolution\tp\calculator-cucumber\calculator-cucumber-2025\target\test-classes;C:\Users\tdjou\OneDrive - UMONS\MASTER1\Q2\Software Evolution\tp\calculator-cucumber\calculator-cucumber-2025\target\classes;C:\Users\tdjou\.m2\repository\org\junit\jupiter\junit-jupiter\5.11.4\junit-jupiter-5.11.4.jar;C:\Users\tdjou\.m2\repository\org\junit\jupiter\junit-jupiter-api\5.11.4\junit-jupiter-api-5.11.4.jar;C:\Users\tdjou\.m2\repository\org\opentest4j\opentest4j\1.3.0\opentest4j-1.3.0.jar;C:\Users\tdjou\.m2\repository\org\junit\platform\junit-platform-commons\1.11.4\junit-platform-commons-1.11.4.jar;C:\Users\tdjou\.m2\repository\org\junit\jupiter\junit-jupiter-params\5.11.4\junit-jupiter-params-5.11.4.jar;C:\Users\tdjou\.m2\repository\org\junit\jupiter\junit-jupiter-engine\5.11.4\junit-jupiter-engine-5.11.4.jar;C:\Users\tdjou\.m2\repository\org\junit\platform\junit-platform-suite\1.11.4\junit-platform-suite-1.11.4.jar;C:\Users\tdjou\.m2\repository\org\junit\platform\junit-platform-suite-api\1.11.4\junit-platform-suite-api-1.11.4.jar;C:\Users\tdjou\.m2\repository\org\junit\platform\junit-platform-suite-engine\1.11.4\junit-platform-suite-engine-1.11.4.jar;C:\Users\tdjou\.m2\repository\org\junit\platform\junit-platform-suite-commons\1.11.4\junit-platform-suite-commons-1.11.4.jar;C:\Users\tdjou\.m2\repository\org\junit\platform\junit-platform-launcher\1.11.4\junit-platform-launcher-1.11.4.jar;C:\Users\tdjou\.m2\repository\io\cucumber\cucumber-java\7.20.1\cucumber-java-7.20.1.jar;C:\Users\tdjou\.m2\repository\io\cucumber\cucumber-core\7.20.1\cucumber-core-7.20.1.jar;C:\Users\tdjou\.m2\repository\io\cucumber\cucumber-gherkin\7.20.1\cucumber-gherkin-7.20.1.jar;C:\Users\tdjou\.m2\repository\io\cucumber\cucumber-gherkin-messages\7.20.1\cucumber-gherkin-messages-7.20.1.jar;C:\Users\tdjou\.m2\repository\io\cucumber\gherkin\28.0.0\gherkin-28.0.0.jar;C:\Users\tdjou\.m2\repository\io\cucumber\messages\24.1.0\messages-24.1.0.jar;C:\Users\tdjou\.m2\repository\io\cucumber\testng-xml-formatter\0.2.0\testng-xml-formatter-0.2.0.jar;C:\Users\tdjou\.m2\repository\io\cucumber\query\12.2.0\query-12.2.0.jar;C:\Users\tdjou\.m2\repository\io\cucumber\tag-expressions\6.1.0\tag-expressions-6.1.0.jar;C:\Users\tdjou\.m2\repository\io\cucumber\cucumber-expressions\17.1.0\cucumber-expressions-17.1.0.jar;C:\Users\tdjou\.m2\repository\io\cucumber\datatable\7.20.1\datatable-7.20.1.jar;C:\Users\tdjou\.m2\repository\io\cucumber\cucumber-plugin\7.20.1\cucumber-plugin-7.20.1.jar;C:\Users\tdjou\.m2\repository\io\cucumber\docstring\7.20.1\docstring-7.20.1.jar;C:\Users\tdjou\.m2\repository\io\cucumber\html-formatter\21.7.0\html-formatter-21.7.0.jar;C:\Users\tdjou\.m2\repository\io\cucumber\junit-xml-formatter\0.5.0\junit-xml-formatter-0.5.0.jar;C:\Users\tdjou\.m2\repository\io\cucumber\ci-environment\10.0.1\ci-environment-10.0.1.jar;C:\Users\tdjou\.m2\repository\org\apiguardian\apiguardian-api\1.1.2\apiguardian-api-1.1.2.jar;C:\Users\tdjou\.m2\repository\io\cucumber\cucumber-junit-platform-engine\7.20.1\cucumber-junit-platform-engine-7.20.1.jar;C:\Users\tdjou\.m2\repository\org\junit\platform\junit-platform-engine\1.11.2\junit-platform-engine-1.11.2.jar;"/>
    <property name="sun.cpu.endian" value="little"/>
    <property name="user.home" value="C:\Users\tdjou"/>
    <property name="user.language" value="fr"/>
    <property name="java.specification.vendor" value="Oracle Corporation"/>
    <property name="java.version.date" value="2024-01-16"/>
    <property name="java.home" value="C:\Users\tdjou\.jdks\openjdk-21.0.2"/>
    <property name="file.separator" value="\"/>
    <property name="basedir" value="C:\Users\tdjou\OneDrive - UMONS\MASTER1\Q2\Software Evolution\tp\calculator-cucumber\calculator-cucumber-2025"/>
    <property name="java.vm.compressedOopsMode" value="32-bit"/>
    <property name="line.separator" value="&#10;"/>
    <property name="java.vm.specification.vendor" value="Oracle Corporation"/>
    <property name="java.specification.name" value="Java Platform API Specification"/>
    <property name="surefire.real.class.path" value="C:\Users\tdjou\AppData\Local\Temp\surefire14501502303866928505\surefirebooter-20250220161444097_3.jar"/>
    <property name="user.script" value=""/>
    <property name="sun.management.compiler" value="HotSpot 64-Bit Tiered Compilers"/>
    <property name="java.runtime.version" value="21.0.2+13-58"/>
    <property name="user.name" value="tdjou"/>
    <property name="stdout.encoding" value="Cp1252"/>
    <property name="path.separator" value=";"/>
    <property name="os.version" value="10.0"/>
    <property name="java.runtime.name" value="OpenJDK Runtime Environment"/>
    <property name="file.encoding" value="UTF-8"/>
    <property name="java.vm.name" value="OpenJDK 64-Bit Server VM"/>
    <property name="localRepository" value="C:\Users\tdjou\.m2\repository"/>
    <property name="java.vendor.url.bug" value="https://bugreport.java.com/bugreport/"/>
    <property name="java.io.tmpdir" value="C:\Users\tdjou\AppData\Local\Temp\"/>
    <property name="idea.version" value="2022.3"/>
    <property name="java.version" value="21.0.2"/>
    <property name="user.dir" value="C:\Users\tdjou\OneDrive - UMONS\MASTER1\Q2\Software Evolution\tp\calculator-cucumber\calculator-cucumber-2025"/>
    <property name="os.arch" value="amd64"/>
    <property name="java.vm.specification.name" value="Java Virtual Machine Specification"/>
    <property name="sun.os.patch.level" value=""/>
    <property name="native.encoding" value="Cp1252"/>
    <property name="java.library.path" value="C:\Users\tdjou\.jdks\openjdk-21.0.2\bin;C:\WINDOWS\Sun\Java\bin;C:\WINDOWS\system32;C:\WINDOWS;C:\Program Files\BellSoft\LibericaJDK-19\bin\;C:\Python311\Scripts\;C:\Python311\;C:\Program Files\Common Files\Oracle\Java\javapath;C:\WINDOWS\system32;C:\WINDOWS;C:\WINDOWS\System32\Wbem;C:\WINDOWS\System32\WindowsPowerShell\v1.0\;C:\WINDOWS\System32\OpenSSH\;C:\Program Files\Java\jdk-17.0.5;C:\Program Files\Git\cmd;C:\Gradle\gradle-7.6\bin;C:\Program Files\nodejs\;C:\ProgramData\chocolatey\bin;C:\Program Files\BellSoft\LibericaJDK-19;C:\Program Files (x86)\Microsoft SQL Server\160\Tools\Binn\;C:\Program Files\Microsoft SQL Server\160\Tools\Binn\;C:\Program Files\Microsoft SQL Server\Client SDK\ODBC\170\Tools\Binn\;C:\Program Files\Microsoft SQL Server\160\DTS\Binn\;C:\Program Files\Inkscape\bin;C:\Program Files\swipl\bin;C:\Program Files (x86)\BaseX\bin;;C:\Program Files\Docker\Docker\resources\bin;C:\Program Files\dotnet\;C:\Users\tdjou\.cargo\bin;C:\Program Files\MySQL\MySQL Shell 8.0\bin\;C:\Users\tdjou\AppData\Local\Microsoft\WindowsApps;C:\Users\tdjou\AppData\Local\Programs\Microsoft VS Code\bin;C:\Users\tdjou\AppData\Local\GitHubDesktop\bin;C:\Users\tdjou\AppData\Roaming\npm;C:\Program Files\Java\jdk-17.0.5\bin;C:\texlive\2023\bin\windows;C:\Program Files\Racket;;C:\Program Files\JetBrains\PyCharm 2023.3.5\bin;;C:\Users\tdjou\AppData\Local\JetBrains\JetBrains Rider 2024.2.7\bin;;C:\Users\tdjou\.dotnet\tools;."/>
    <property name="java.vm.info" value="mixed mode, sharing"/>
    <property name="stderr.encoding" value="Cp1252"/>
    <property name="java.vendor" value="Oracle Corporation"/>
    <property name="java.vm.version" value="21.0.2+13-58"/>
    <property name="sun.io.unicode.encoding" value="UnicodeLittle"/>
    <property name="java.class.version" value="65.0"/>
  </properties>
  <testcase name="Double Arithmetic Expressions - Adding two double numbers" classname="Double Arithmetic Expressions" time="0.236"/>
  <testcase name="Double Arithmetic Expressions - Subtracting two double numbers" classname="Double Arithmetic Expressions" time="0.014"/>
  <testcase name="Double Arithmetic Expressions - Multiplying two double numbers" classname="Double Arithmetic Expressions" time="0.014"/>
  <testcase name="Double Arithmetic Expressions - Dividing two double numbers" classname="Double Arithmetic Expressions" time="0.01"/>
  <testcase name="Double Arithmetic Expressions - Printing the sum of two double numbers" classname="Double Arithmetic Expressions" time="0.023"/>
  <testcase name="Double Arithmetic Expressions - Evaluation arithmetic operations over a list of double numbers" classname="Double Arithmetic Expressions" time="0.022">
    <system-out><![CDATA[value =8.0
value =2.0
value =2.0
]]></system-out>
  </testcase>
  <testcase name="Double Arithmetic Expressions - Division by zero" classname="Double Arithmetic Expressions" time="0.006">
    <system-err><![CDATA[Warning: Division by zero detected. Returning NaN.
]]></system-err>
  </testcase>
  <testcase name="Double Arithmetic Expressions - Adding two double numbers - Examples - Example #1.1" classname="Double Arithmetic Expressions - Adding two double numbers - Examples" time="0.014"/>
  <testcase name="Double Arithmetic Expressions - Adding two double numbers - Examples - Example #1.2" classname="Double Arithmetic Expressions - Adding two double numbers - Examples" time="0.01"/>
  <testcase name="Double Arithmetic Expressions - Dividing two double numbers - Examples - Example #1.1" classname="Double Arithmetic Expressions - Dividing two double numbers - Examples" time="0.014"/>
  <testcase name="Double Arithmetic Expressions - Dividing two double numbers - Examples - Example #1.2" classname="Double Arithmetic Expressions - Dividing two double numbers - Examples" time="0.01"/>
  <testcase name="Double Arithmetic Expressions - Dividing two double numbers - Examples - Example #1.3" classname="Double Arithmetic Expressions - Dividing two double numbers - Examples" time="0.009"/>
  <testcase name="Double Arithmetic Expressions - Evaluating arithmetic operations with two double parameters - Examples - Example #1.1" classname="Double Arithmetic Expressions - Evaluating arithmetic operations with two double parameters - Examples" time="0.006"/>
  <testcase name="Double Arithmetic Expressions - Evaluating arithmetic operations with two double parameters - Examples - Example #1.2" classname="Double Arithmetic Expressions - Evaluating arithmetic operations with two double parameters - Examples" time="0.012"/>
  <testcase name="Double Arithmetic Expressions - Evaluating arithmetic operations with two double parameters - Examples - Example #1.3" classname="Double Arithmetic Expressions - Evaluating arithmetic operations with two double parameters - Examples" time="0.01"/>
  <testcase name="Double Arithmetic Expressions - Evaluating arithmetic operations with two double parameters - Examples - Example #1.4" classname="Double Arithmetic Expressions - Evaluating arithmetic operations with two double parameters - Examples" time="0.01"/>
  <testcase name="Double Arithmetic Expressions - Testing notations with two double numbers - Examples - Example #1.1" classname="Double Arithmetic Expressions - Testing notations with two double numbers - Examples" time="0.007"/>
  <testcase name="Double Arithmetic Expressions - Testing notations with two double numbers - Examples - Example #1.2" classname="Double Arithmetic Expressions - Testing notations with two double numbers - Examples" time="0.005"/>
  <testcase name="Double Arithmetic Expressions - Testing notations with two double numbers - Examples - Example #1.3" classname="Double Arithmetic Expressions - Testing notations with two double numbers - Examples" time="0.008"/>
  <testcase name="Double Arithmetic Expressions - Testing notations with two double numbers - Examples - Example #1.4" classname="Double Arithmetic Expressions - Testing notations with two double numbers - Examples" time="0.014"/>
</testsuite>